<?xml version="1.0" encoding="UTF-8"?>
<!-- Generated by org.testng.reporters.JUnitXMLReporter -->
<testsuite ignored="1" hostname="DELL-SVETA" failures="0" tests="1" name="Default test" time="24.915" errors="0" timestamp="2025-10-04T11:47:57 IST">
  <testcase classname="testScript.Product" name="TC_invalidCardPayment" time="16.491"/>
  <testcase classname="testScript.Product" name="TC_PositivePurchase" time="0.0">
    <ignored/>
  </testcase> <!-- TC_PositivePurchase -->
</testsuite> <!-- Default test -->
