<?xml version="1.0" encoding="UTF-8"?>
<!-- Generated by org.testng.reporters.JUnitXMLReporter -->
<testsuite ignored="0" hostname="DELL-SVETA" failures="0" tests="3" name="RegressionTest" time="56.088" errors="0" timestamp="2025-10-04T11:50:46 IST">
  <testcase classname="testScript.User_Login" name="tc_2_Login" time="7.987"/>
  <testcase classname="testScript.Product" name="TC_PositivePurchase" time="18.616"/>
  <testcase classname="testScript.Product" name="TC_invalidCardPayment" time="11.697"/>
</testsuite> <!-- RegressionTest -->
