<?xml version="1.0" encoding="UTF-8"?>
<testng-results ignored="0" total="1" passed="1" failed="0" skipped="0">
  <reporter-output>
  </reporter-output>
  <suite started-at="2025-10-03T21:33:21 IST" name="Default suite" finished-at="2025-10-03T21:33:29 IST" duration-ms="8850">
    <groups>
    </groups>
    <test started-at="2025-10-03T21:33:21 IST" name="Default test" finished-at="2025-10-03T21:33:29 IST" duration-ms="8850">
      <class name="testScript.UIValidations">
        <test-method is-config="true" signature="launchBrowser()[pri:0, instance:testScript.UIValidations@644baf4a]" started-at="2025-10-03T21:33:21 IST" name="launchBrowser" finished-at="2025-10-03T21:33:28 IST" duration-ms="7747" status="PASS">
          <reporter-output>
          </reporter-output>
        </test-method> <!-- launchBrowser -->
        <test-method signature="TC_BTN_Validation()[pri:0, instance:testScript.UIValidations@644baf4a]" started-at="2025-10-03T21:33:28 IST" name="TC_BTN_Validation" finished-at="2025-10-03T21:33:29 IST" duration-ms="815" status="PASS">
          <reporter-output>
          </reporter-output>
        </test-method> <!-- TC_BTN_Validation -->
        <test-method is-config="true" signature="tearDown()[pri:0, instance:testScript.UIValidations@644baf4a]" started-at="2025-10-03T21:33:29 IST" name="tearDown" finished-at="2025-10-03T21:33:29 IST" duration-ms="193" status="PASS">
          <reporter-output>
          </reporter-output>
        </test-method> <!-- tearDown -->
      </class> <!-- testScript.UIValidations -->
    </test> <!-- Default test -->
  </suite> <!-- Default suite -->
</testng-results>
