<?xml version="1.0" encoding="UTF-8"?>
<testng-results ignored="0" total="3" passed="3" failed="0" skipped="0">
  <reporter-output>
  </reporter-output>
  <suite started-at="2025-10-04T11:49:50 IST" name="Suite" finished-at="2025-10-04T11:50:46 IST" duration-ms="56088">
    <groups>
    </groups>
    <test started-at="2025-10-04T11:49:50 IST" name="RegressionTest" finished-at="2025-10-04T11:50:46 IST" duration-ms="56088">
      <class name="testScript.Product">
        <test-method is-config="true" signature="launchBrowser()[pri:0, instance:testScript.Product@6892b3b6]" started-at="2025-10-04T11:50:08 IST" name="launchBrowser" finished-at="2025-10-04T11:50:15 IST" duration-ms="7392" status="PASS">
          <reporter-output>
          </reporter-output>
        </test-method> <!-- launchBrowser -->
        <test-method signature="TC_PositivePurchase()[pri:0, instance:testScript.Product@6892b3b6]" started-at="2025-10-04T11:50:15 IST" name="TC_PositivePurchase" finished-at="2025-10-04T11:50:34 IST" duration-ms="18616" status="PASS">
          <reporter-output>
          </reporter-output>
        </test-method> <!-- TC_PositivePurchase -->
        <test-method signature="TC_invalidCardPayment()[pri:0, instance:testScript.Product@6892b3b6]" started-at="2025-10-04T11:50:34 IST" name="TC_invalidCardPayment" finished-at="2025-10-04T11:50:46 IST" duration-ms="11697" status="PASS">
          <reporter-output>
          </reporter-output>
        </test-method> <!-- TC_invalidCardPayment -->
        <test-method is-config="true" signature="tearDown()[pri:0, instance:testScript.Product@6892b3b6]" started-at="2025-10-04T11:50:46 IST" name="tearDown" finished-at="2025-10-04T11:50:46 IST" duration-ms="642" status="PASS">
          <reporter-output>
          </reporter-output>
        </test-method> <!-- tearDown -->
      </class> <!-- testScript.Product -->
      <class name="testScript.User_Login">
        <test-method is-config="true" signature="launchBrowser()[pri:0, instance:testScript.User_Login@7526515b]" started-at="2025-10-04T11:49:50 IST" name="launchBrowser" finished-at="2025-10-04T11:49:59 IST" duration-ms="9266" status="PASS">
          <reporter-output>
          </reporter-output>
        </test-method> <!-- launchBrowser -->
        <test-method signature="tc_2_Login()[pri:0, instance:testScript.User_Login@7526515b]" started-at="2025-10-04T11:49:59 IST" name="tc_2_Login" finished-at="2025-10-04T11:50:07 IST" duration-ms="7987" status="PASS">
          <reporter-output>
          </reporter-output>
        </test-method> <!-- tc_2_Login -->
        <test-method is-config="true" signature="tearDown()[pri:0, instance:testScript.User_Login@7526515b]" started-at="2025-10-04T11:50:07 IST" name="tearDown" finished-at="2025-10-04T11:50:08 IST" duration-ms="381" status="PASS">
          <reporter-output>
          </reporter-output>
        </test-method> <!-- tearDown -->
      </class> <!-- testScript.User_Login -->
    </test> <!-- RegressionTest -->
  </suite> <!-- Suite -->
</testng-results>
